  CREATE_STREAM @0 {NAME:clk10_rst5_seq T:TVM SCOPE:uvm_test_top.tb.clk_rst.agent.sequencer STREAM:1}
BEGIN @0 {TXH:2 STREAM:1 NAME:clk10_rst5_seq TIME=0  TYPE="Begin_No_Parent, Link" LABEL:"" DESC=""}
  CREATE_STREAM @0 {NAME:i2c_seq T:TVM SCOPE:uvm_test_top.tb.mc_seqr STREAM:3}
BEGIN @0 {TXH:4 STREAM:3 NAME:i2c_seq TIME=0  TYPE="Begin_No_Parent, Link" LABEL:"" DESC=""}
BEGIN @0 {TXH:5 STREAM:1 NAME:cr TIME=0  TYPE="Begin_End, Link" LABEL:"" DESC=""}
  LINK @0 {TXH1:2 TXH2:5 RELATION=child}
  CREATE_STREAM @0 {NAME:i2c_seq T:TVM SCOPE:uvm_test_top.tb.wb.masters[0].sequencer STREAM:6}
BEGIN @0 {TXH:7 STREAM:6 NAME:i2c_400k TIME=0  TYPE="Begin_End, Link" LABEL:"" DESC=""}
  LINK @0 {TXH1:4 TXH2:7 RELATION=child}
BEGIN @0 {TXH:8 STREAM:1 NAME:clk10_rst5_seq TIME=0  TYPE="Begin_No_Parent, Link" LABEL:"" DESC=""}
BEGIN @0 {TXH:9 STREAM:1 NAME:cr TIME=0  TYPE="Begin_End, Link" LABEL:"" DESC=""}
  LINK @0 {TXH1:8 TXH2:9 RELATION=child}
BEGIN @0 {TXH:10 STREAM:1 NAME:req TIME=0  TYPE="Begin_End, Link" LABEL:"" DESC=""}
  LINK @0 {TXH1:5 TXH2:10 RELATION=child}
  SET_ATTR @0 {TXH:10 NAME:clock_period VALUE:10   RADIX:UVM_HEX BITS=32}
  SET_ATTR @0 {TXH:10 NAME:reset_delay VALUE:5   RADIX:UVM_HEX BITS=32}
  SET_ATTR @0 {TXH:10 NAME:clock_cycles_to_count VALUE:0   RADIX:UVM_HEX BITS=32}
  SET_ATTR @0 {TXH:10 NAME:cycle_count_must_happen VALUE:0   RADIX:UVM_HEX BITS=1}
  SET_ATTR @0 {TXH:10 NAME:run_clock VALUE:1   RADIX:UVM_HEX BITS=1}
  SET_ATTR @0 {TXH:10 NAME:transaction_id VALUE:1   RADIX:UVM_DEC BITS=32}
END @0 {TXH:10 TIME=0}
FREE @0 {TXH:10}
END @0 {TXH:5 TIME=0}
FREE @0 {TXH:5}
BEGIN @0 {TXH:11 STREAM:1 NAME:req TIME=0  TYPE="Begin_End, Link" LABEL:"" DESC=""}
  LINK @0 {TXH1:9 TXH2:11 RELATION=child}
  SET_ATTR @0 {TXH:11 NAME:clock_period VALUE:10   RADIX:UVM_HEX BITS=32}
  SET_ATTR @0 {TXH:11 NAME:reset_delay VALUE:5   RADIX:UVM_HEX BITS=32}
  SET_ATTR @0 {TXH:11 NAME:clock_cycles_to_count VALUE:0   RADIX:UVM_HEX BITS=32}
  SET_ATTR @0 {TXH:11 NAME:cycle_count_must_happen VALUE:0   RADIX:UVM_HEX BITS=1}
  SET_ATTR @0 {TXH:11 NAME:run_clock VALUE:1   RADIX:UVM_HEX BITS=1}
  SET_ATTR @0 {TXH:11 NAME:transaction_id VALUE:1   RADIX:UVM_DEC BITS=32}
END @0 {TXH:11 TIME=0}
FREE @0 {TXH:11}
END @0 {TXH:9 TIME=0}
FREE @0 {TXH:9}
BEGIN @0 {TXH:12 STREAM:1 NAME:clk10_rst5_seq TIME=0  TYPE="Begin_No_Parent, Link" LABEL:"" DESC=""}
BEGIN @0 {TXH:13 STREAM:1 NAME:cr TIME=0  TYPE="Begin_End, Link" LABEL:"" DESC=""}
  LINK @0 {TXH1:12 TXH2:13 RELATION=child}
BEGIN @0 {TXH:14 STREAM:1 NAME:req TIME=0  TYPE="Begin_End, Link" LABEL:"" DESC=""}
  LINK @0 {TXH1:13 TXH2:14 RELATION=child}
  SET_ATTR @0 {TXH:14 NAME:clock_period VALUE:10   RADIX:UVM_HEX BITS=32}
  SET_ATTR @0 {TXH:14 NAME:reset_delay VALUE:5   RADIX:UVM_HEX BITS=32}
  SET_ATTR @0 {TXH:14 NAME:clock_cycles_to_count VALUE:0   RADIX:UVM_HEX BITS=32}
  SET_ATTR @0 {TXH:14 NAME:cycle_count_must_happen VALUE:0   RADIX:UVM_HEX BITS=1}
  SET_ATTR @0 {TXH:14 NAME:run_clock VALUE:1   RADIX:UVM_HEX BITS=1}
  SET_ATTR @0 {TXH:14 NAME:transaction_id VALUE:1   RADIX:UVM_DEC BITS=32}
END @0 {TXH:14 TIME=0}
FREE @0 {TXH:14}
END @0 {TXH:13 TIME=0}
FREE @0 {TXH:13}
BEGIN @0 {TXH:15 STREAM:1 NAME:clk10_rst5_seq TIME=0  TYPE="Begin_No_Parent, Link" LABEL:"" DESC=""}
BEGIN @0 {TXH:16 STREAM:1 NAME:cr TIME=0  TYPE="Begin_End, Link" LABEL:"" DESC=""}
  LINK @0 {TXH1:15 TXH2:16 RELATION=child}
BEGIN @0 {TXH:17 STREAM:1 NAME:req TIME=0  TYPE="Begin_End, Link" LABEL:"" DESC=""}
  LINK @0 {TXH1:16 TXH2:17 RELATION=child}
  SET_ATTR @0 {TXH:17 NAME:clock_period VALUE:10   RADIX:UVM_HEX BITS=32}
  SET_ATTR @0 {TXH:17 NAME:reset_delay VALUE:5   RADIX:UVM_HEX BITS=32}
  SET_ATTR @0 {TXH:17 NAME:clock_cycles_to_count VALUE:0   RADIX:UVM_HEX BITS=32}
  SET_ATTR @0 {TXH:17 NAME:cycle_count_must_happen VALUE:0   RADIX:UVM_HEX BITS=1}
  SET_ATTR @0 {TXH:17 NAME:run_clock VALUE:1   RADIX:UVM_HEX BITS=1}
  SET_ATTR @0 {TXH:17 NAME:transaction_id VALUE:1   RADIX:UVM_DEC BITS=32}
END @0 {TXH:17 TIME=0}
FREE @0 {TXH:17}
END @0 {TXH:16 TIME=0}
FREE @0 {TXH:16}
BEGIN @0 {TXH:18 STREAM:1 NAME:clk10_rst5_seq TIME=0  TYPE="Begin_No_Parent, Link" LABEL:"" DESC=""}
BEGIN @0 {TXH:19 STREAM:1 NAME:cr TIME=0  TYPE="Begin_End, Link" LABEL:"" DESC=""}
  LINK @0 {TXH1:18 TXH2:19 RELATION=child}
BEGIN @0 {TXH:20 STREAM:1 NAME:req TIME=0  TYPE="Begin_End, Link" LABEL:"" DESC=""}
  LINK @0 {TXH1:19 TXH2:20 RELATION=child}
  SET_ATTR @0 {TXH:20 NAME:clock_period VALUE:10   RADIX:UVM_HEX BITS=32}
  SET_ATTR @0 {TXH:20 NAME:reset_delay VALUE:5   RADIX:UVM_HEX BITS=32}
  SET_ATTR @0 {TXH:20 NAME:clock_cycles_to_count VALUE:0   RADIX:UVM_HEX BITS=32}
  SET_ATTR @0 {TXH:20 NAME:cycle_count_must_happen VALUE:0   RADIX:UVM_HEX BITS=1}
  SET_ATTR @0 {TXH:20 NAME:run_clock VALUE:1   RADIX:UVM_HEX BITS=1}
  SET_ATTR @0 {TXH:20 NAME:transaction_id VALUE:1   RADIX:UVM_DEC BITS=32}
END @0 {TXH:20 TIME=0}
FREE @0 {TXH:20}
END @0 {TXH:19 TIME=0}
FREE @0 {TXH:19}
BEGIN @0 {TXH:21 STREAM:1 NAME:clk10_rst5_seq TIME=0  TYPE="Begin_No_Parent, Link" LABEL:"" DESC=""}
BEGIN @0 {TXH:22 STREAM:1 NAME:cr TIME=0  TYPE="Begin_End, Link" LABEL:"" DESC=""}
  LINK @0 {TXH1:21 TXH2:22 RELATION=child}
BEGIN @0 {TXH:23 STREAM:1 NAME:req TIME=0  TYPE="Begin_End, Link" LABEL:"" DESC=""}
  LINK @0 {TXH1:22 TXH2:23 RELATION=child}
  SET_ATTR @0 {TXH:23 NAME:clock_period VALUE:10   RADIX:UVM_HEX BITS=32}
  SET_ATTR @0 {TXH:23 NAME:reset_delay VALUE:5   RADIX:UVM_HEX BITS=32}
  SET_ATTR @0 {TXH:23 NAME:clock_cycles_to_count VALUE:0   RADIX:UVM_HEX BITS=32}
  SET_ATTR @0 {TXH:23 NAME:cycle_count_must_happen VALUE:0   RADIX:UVM_HEX BITS=1}
  SET_ATTR @0 {TXH:23 NAME:run_clock VALUE:1   RADIX:UVM_HEX BITS=1}
  SET_ATTR @0 {TXH:23 NAME:transaction_id VALUE:1   RADIX:UVM_DEC BITS=32}
END @0 {TXH:23 TIME=0}
FREE @0 {TXH:23}
END @0 {TXH:22 TIME=0}
FREE @0 {TXH:22}
BEGIN @0 {TXH:24 STREAM:1 NAME:clk10_rst5_seq TIME=0  TYPE="Begin_No_Parent, Link" LABEL:"" DESC=""}
BEGIN @0 {TXH:25 STREAM:1 NAME:cr TIME=0  TYPE="Begin_End, Link" LABEL:"" DESC=""}
  LINK @0 {TXH1:24 TXH2:25 RELATION=child}
BEGIN @0 {TXH:26 STREAM:1 NAME:req TIME=0  TYPE="Begin_End, Link" LABEL:"" DESC=""}
  LINK @0 {TXH1:25 TXH2:26 RELATION=child}
  SET_ATTR @0 {TXH:26 NAME:clock_period VALUE:10   RADIX:UVM_HEX BITS=32}
  SET_ATTR @0 {TXH:26 NAME:reset_delay VALUE:5   RADIX:UVM_HEX BITS=32}
  SET_ATTR @0 {TXH:26 NAME:clock_cycles_to_count VALUE:0   RADIX:UVM_HEX BITS=32}
  SET_ATTR @0 {TXH:26 NAME:cycle_count_must_happen VALUE:0   RADIX:UVM_HEX BITS=1}
  SET_ATTR @0 {TXH:26 NAME:run_clock VALUE:1   RADIX:UVM_HEX BITS=1}
  SET_ATTR @0 {TXH:26 NAME:transaction_id VALUE:1   RADIX:UVM_DEC BITS=32}
END @0 {TXH:26 TIME=0}
FREE @0 {TXH:26}
END @0 {TXH:25 TIME=0}
FREE @0 {TXH:25}
BEGIN @0 {TXH:27 STREAM:1 NAME:clk10_rst5_seq TIME=0  TYPE="Begin_No_Parent, Link" LABEL:"" DESC=""}
BEGIN @0 {TXH:28 STREAM:1 NAME:cr TIME=0  TYPE="Begin_End, Link" LABEL:"" DESC=""}
  LINK @0 {TXH1:27 TXH2:28 RELATION=child}
BEGIN @0 {TXH:29 STREAM:1 NAME:req TIME=0  TYPE="Begin_End, Link" LABEL:"" DESC=""}
  LINK @0 {TXH1:28 TXH2:29 RELATION=child}
  SET_ATTR @0 {TXH:29 NAME:clock_period VALUE:10   RADIX:UVM_HEX BITS=32}
  SET_ATTR @0 {TXH:29 NAME:reset_delay VALUE:5   RADIX:UVM_HEX BITS=32}
  SET_ATTR @0 {TXH:29 NAME:clock_cycles_to_count VALUE:0   RADIX:UVM_HEX BITS=32}
  SET_ATTR @0 {TXH:29 NAME:cycle_count_must_happen VALUE:0   RADIX:UVM_HEX BITS=1}
  SET_ATTR @0 {TXH:29 NAME:run_clock VALUE:1   RADIX:UVM_HEX BITS=1}
  SET_ATTR @0 {TXH:29 NAME:transaction_id VALUE:1   RADIX:UVM_DEC BITS=32}
END @0 {TXH:29 TIME=0}
FREE @0 {TXH:29}
END @0 {TXH:28 TIME=0}
FREE @0 {TXH:28}
BEGIN @0 {TXH:30 STREAM:1 NAME:clk10_rst5_seq TIME=0  TYPE="Begin_No_Parent, Link" LABEL:"" DESC=""}
BEGIN @0 {TXH:31 STREAM:1 NAME:cr TIME=0  TYPE="Begin_End, Link" LABEL:"" DESC=""}
  LINK @0 {TXH1:30 TXH2:31 RELATION=child}
BEGIN @0 {TXH:32 STREAM:1 NAME:req TIME=0  TYPE="Begin_End, Link" LABEL:"" DESC=""}
  LINK @0 {TXH1:31 TXH2:32 RELATION=child}
  SET_ATTR @0 {TXH:32 NAME:clock_period VALUE:10   RADIX:UVM_HEX BITS=32}
  SET_ATTR @0 {TXH:32 NAME:reset_delay VALUE:5   RADIX:UVM_HEX BITS=32}
  SET_ATTR @0 {TXH:32 NAME:clock_cycles_to_count VALUE:0   RADIX:UVM_HEX BITS=32}
  SET_ATTR @0 {TXH:32 NAME:cycle_count_must_happen VALUE:0   RADIX:UVM_HEX BITS=1}
  SET_ATTR @0 {TXH:32 NAME:run_clock VALUE:1   RADIX:UVM_HEX BITS=1}
  SET_ATTR @0 {TXH:32 NAME:transaction_id VALUE:1   RADIX:UVM_DEC BITS=32}
END @0 {TXH:32 TIME=0}
FREE @0 {TXH:32}
END @0 {TXH:31 TIME=0}
FREE @0 {TXH:31}
BEGIN @0 {TXH:33 STREAM:1 NAME:clk10_rst5_seq TIME=0  TYPE="Begin_No_Parent, Link" LABEL:"" DESC=""}
BEGIN @0 {TXH:34 STREAM:1 NAME:cr TIME=0  TYPE="Begin_End, Link" LABEL:"" DESC=""}
  LINK @0 {TXH1:33 TXH2:34 RELATION=child}
BEGIN @0 {TXH:35 STREAM:1 NAME:req TIME=0  TYPE="Begin_End, Link" LABEL:"" DESC=""}
  LINK @0 {TXH1:34 TXH2:35 RELATION=child}
  SET_ATTR @0 {TXH:35 NAME:clock_period VALUE:10   RADIX:UVM_HEX BITS=32}
  SET_ATTR @0 {TXH:35 NAME:reset_delay VALUE:5   RADIX:UVM_HEX BITS=32}
  SET_ATTR @0 {TXH:35 NAME:clock_cycles_to_count VALUE:0   RADIX:UVM_HEX BITS=32}
  SET_ATTR @0 {TXH:35 NAME:cycle_count_must_happen VALUE:0   RADIX:UVM_HEX BITS=1}
  SET_ATTR @0 {TXH:35 NAME:run_clock VALUE:1   RADIX:UVM_HEX BITS=1}
  SET_ATTR @0 {TXH:35 NAME:transaction_id VALUE:1   RADIX:UVM_DEC BITS=32}
END @0 {TXH:35 TIME=0}
FREE @0 {TXH:35}
END @0 {TXH:34 TIME=0}
FREE @0 {TXH:34}
BEGIN @0 {TXH:36 STREAM:1 NAME:clk10_rst5_seq TIME=0  TYPE="Begin_No_Parent, Link" LABEL:"" DESC=""}
BEGIN @0 {TXH:37 STREAM:1 NAME:cr TIME=0  TYPE="Begin_End, Link" LABEL:"" DESC=""}
  LINK @0 {TXH1:36 TXH2:37 RELATION=child}
BEGIN @0 {TXH:38 STREAM:1 NAME:req TIME=0  TYPE="Begin_End, Link" LABEL:"" DESC=""}
  LINK @0 {TXH1:37 TXH2:38 RELATION=child}
  SET_ATTR @0 {TXH:38 NAME:clock_period VALUE:10   RADIX:UVM_HEX BITS=32}
  SET_ATTR @0 {TXH:38 NAME:reset_delay VALUE:5   RADIX:UVM_HEX BITS=32}
  SET_ATTR @0 {TXH:38 NAME:clock_cycles_to_count VALUE:0   RADIX:UVM_HEX BITS=32}
  SET_ATTR @0 {TXH:38 NAME:cycle_count_must_happen VALUE:0   RADIX:UVM_HEX BITS=1}
  SET_ATTR @0 {TXH:38 NAME:run_clock VALUE:1   RADIX:UVM_HEX BITS=1}
  SET_ATTR @0 {TXH:38 NAME:transaction_id VALUE:1   RADIX:UVM_DEC BITS=32}
END @0 {TXH:38 TIME=0}
FREE @0 {TXH:38}
END @0 {TXH:37 TIME=0}
FREE @0 {TXH:37}
BEGIN @0 {TXH:39 STREAM:1 NAME:clk10_rst5_seq TIME=0  TYPE="Begin_No_Parent, Link" LABEL:"" DESC=""}
BEGIN @0 {TXH:40 STREAM:1 NAME:cr TIME=0  TYPE="Begin_End, Link" LABEL:"" DESC=""}
  LINK @0 {TXH1:39 TXH2:40 RELATION=child}
BEGIN @0 {TXH:41 STREAM:1 NAME:req TIME=0  TYPE="Begin_End, Link" LABEL:"" DESC=""}
  LINK @0 {TXH1:40 TXH2:41 RELATION=child}
  SET_ATTR @0 {TXH:41 NAME:clock_period VALUE:10   RADIX:UVM_HEX BITS=32}
  SET_ATTR @0 {TXH:41 NAME:reset_delay VALUE:5   RADIX:UVM_HEX BITS=32}
  SET_ATTR @0 {TXH:41 NAME:clock_cycles_to_count VALUE:0   RADIX:UVM_HEX BITS=32}
  SET_ATTR @0 {TXH:41 NAME:cycle_count_must_happen VALUE:0   RADIX:UVM_HEX BITS=1}
  SET_ATTR @0 {TXH:41 NAME:run_clock VALUE:1   RADIX:UVM_HEX BITS=1}
  SET_ATTR @0 {TXH:41 NAME:transaction_id VALUE:1   RADIX:UVM_DEC BITS=32}
END @0 {TXH:41 TIME=0}
FREE @0 {TXH:41}
END @0 {TXH:40 TIME=0}
FREE @0 {TXH:40}
BEGIN @0 {TXH:42 STREAM:1 NAME:clk10_rst5_seq TIME=0  TYPE="Begin_No_Parent, Link" LABEL:"" DESC=""}
BEGIN @0 {TXH:43 STREAM:1 NAME:cr TIME=0  TYPE="Begin_End, Link" LABEL:"" DESC=""}
  LINK @0 {TXH1:42 TXH2:43 RELATION=child}
BEGIN @0 {TXH:44 STREAM:1 NAME:req TIME=0  TYPE="Begin_End, Link" LABEL:"" DESC=""}
  LINK @0 {TXH1:43 TXH2:44 RELATION=child}
  SET_ATTR @0 {TXH:44 NAME:clock_period VALUE:10   RADIX:UVM_HEX BITS=32}
  SET_ATTR @0 {TXH:44 NAME:reset_delay VALUE:5   RADIX:UVM_HEX BITS=32}
  SET_ATTR @0 {TXH:44 NAME:clock_cycles_to_count VALUE:0   RADIX:UVM_HEX BITS=32}
  SET_ATTR @0 {TXH:44 NAME:cycle_count_must_happen VALUE:0   RADIX:UVM_HEX BITS=1}
  SET_ATTR @0 {TXH:44 NAME:run_clock VALUE:1   RADIX:UVM_HEX BITS=1}
  SET_ATTR @0 {TXH:44 NAME:transaction_id VALUE:1   RADIX:UVM_DEC BITS=32}
END @0 {TXH:44 TIME=0}
FREE @0 {TXH:44}
END @0 {TXH:43 TIME=0}
FREE @0 {TXH:43}
BEGIN @60 {TXH:45 STREAM:6 NAME:req TIME=0  TYPE="Begin_End, Link" LABEL:"" DESC=""}
  LINK @60 {TXH1:7 TXH2:45 RELATION=child}
  SET_ATTR @86 {TXH:45 NAME:op_type VALUE:8602543204856329317   RADIX:UVM_STRING BITS=64}
  SET_ATTR @86 {TXH:45 NAME:addr VALUE:64   RADIX:UVM_HEX BITS=32}
  SET_ATTR @86 {TXH:45 NAME:din VALUE:49   RADIX:UVM_HEX BITS=8}
  SET_ATTR @86 {TXH:45 NAME:dout VALUE:X   RADIX:UVM_HEX BITS=8}
  SET_ATTR @86 {TXH:45 NAME:valid_sb VALUE:0   RADIX:UVM_HEX BITS=1}
  SET_ATTR @86 {TXH:45 NAME:transaction_id VALUE:1   RADIX:UVM_DEC BITS=32}
END @86 {TXH:45 TIME=0}
FREE @86 {TXH:45}
BEGIN @86 {TXH:46 STREAM:6 NAME:req TIME=0  TYPE="Begin_End, Link" LABEL:"" DESC=""}
  LINK @86 {TXH1:7 TXH2:46 RELATION=child}
  SET_ATTR @106 {TXH:46 NAME:op_type VALUE:8602543204856329317   RADIX:UVM_STRING BITS=64}
  SET_ATTR @106 {TXH:46 NAME:addr VALUE:65   RADIX:UVM_HEX BITS=32}
  SET_ATTR @106 {TXH:46 NAME:din VALUE:0   RADIX:UVM_HEX BITS=8}
  SET_ATTR @106 {TXH:46 NAME:dout VALUE:X   RADIX:UVM_HEX BITS=8}
  SET_ATTR @106 {TXH:46 NAME:valid_sb VALUE:0   RADIX:UVM_HEX BITS=1}
  SET_ATTR @106 {TXH:46 NAME:transaction_id VALUE:2   RADIX:UVM_DEC BITS=32}
END @106 {TXH:46 TIME=0}
FREE @106 {TXH:46}
BEGIN @106 {TXH:47 STREAM:6 NAME:req TIME=0  TYPE="Begin_End, Link" LABEL:"" DESC=""}
  LINK @106 {TXH1:7 TXH2:47 RELATION=child}
  SET_ATTR @126 {TXH:47 NAME:op_type VALUE:8602543204856329317   RADIX:UVM_STRING BITS=64}
  SET_ATTR @126 {TXH:47 NAME:addr VALUE:66   RADIX:UVM_HEX BITS=32}
  SET_ATTR @126 {TXH:47 NAME:din VALUE:128   RADIX:UVM_HEX BITS=8}
  SET_ATTR @126 {TXH:47 NAME:dout VALUE:X   RADIX:UVM_HEX BITS=8}
  SET_ATTR @126 {TXH:47 NAME:valid_sb VALUE:0   RADIX:UVM_HEX BITS=1}
  SET_ATTR @126 {TXH:47 NAME:transaction_id VALUE:3   RADIX:UVM_DEC BITS=32}
END @126 {TXH:47 TIME=0}
FREE @126 {TXH:47}
END @126 {TXH:7 TIME=0}
FREE @126 {TXH:7}
BEGIN @126 {TXH:48 STREAM:6 NAME:i2c_write_byte TIME=0  TYPE="Begin_End, Link" LABEL:"" DESC=""}
  LINK @126 {TXH1:4 TXH2:48 RELATION=child}
  CREATE_STREAM @126 {NAME:i2c_seq T:TVM SCOPE:uvm_test_top.tb.i2c.slaves[0].sequencer STREAM:49}
BEGIN @126 {TXH:50 STREAM:49 NAME:i2c_slave TIME=0  TYPE="Begin_End, Link" LABEL:"" DESC=""}
  LINK @126 {TXH1:4 TXH2:50 RELATION=child}
BEGIN @126 {TXH:51 STREAM:49 NAME:req TIME=0  TYPE="Begin_End, Link" LABEL:"" DESC=""}
  LINK @126 {TXH1:50 TXH2:51 RELATION=child}
BEGIN @126 {TXH:52 STREAM:6 NAME:req TIME=0  TYPE="Begin_End, Link" LABEL:"" DESC=""}
  LINK @126 {TXH1:48 TXH2:52 RELATION=child}
  SET_ATTR @146 {TXH:52 NAME:op_type VALUE:8602543204856329317   RADIX:UVM_STRING BITS=64}
  SET_ATTR @146 {TXH:52 NAME:addr VALUE:67   RADIX:UVM_HEX BITS=32}
  SET_ATTR @146 {TXH:52 NAME:din VALUE:170   RADIX:UVM_HEX BITS=8}
  SET_ATTR @146 {TXH:52 NAME:dout VALUE:X   RADIX:UVM_HEX BITS=8}
  SET_ATTR @146 {TXH:52 NAME:valid_sb VALUE:0   RADIX:UVM_HEX BITS=1}
  SET_ATTR @146 {TXH:52 NAME:transaction_id VALUE:1   RADIX:UVM_DEC BITS=32}
END @146 {TXH:52 TIME=0}
FREE @146 {TXH:52}
BEGIN @146 {TXH:53 STREAM:6 NAME:req TIME=0  TYPE="Begin_End, Link" LABEL:"" DESC=""}
  LINK @146 {TXH1:48 TXH2:53 RELATION=child}
  SET_ATTR @166 {TXH:53 NAME:op_type VALUE:8602543204856329317   RADIX:UVM_STRING BITS=64}
  SET_ATTR @166 {TXH:53 NAME:addr VALUE:68   RADIX:UVM_HEX BITS=32}
  SET_ATTR @166 {TXH:53 NAME:din VALUE:144   RADIX:UVM_HEX BITS=8}
  SET_ATTR @166 {TXH:53 NAME:dout VALUE:X   RADIX:UVM_HEX BITS=8}
  SET_ATTR @166 {TXH:53 NAME:valid_sb VALUE:0   RADIX:UVM_HEX BITS=1}
  SET_ATTR @166 {TXH:53 NAME:transaction_id VALUE:2   RADIX:UVM_DEC BITS=32}
END @166 {TXH:53 TIME=0}
FREE @166 {TXH:53}
END @300 {TXH:2 TIME=0}
FREE @300 {TXH:2}
END @300 {TXH:42 TIME=0}
FREE @300 {TXH:42}
  SET_ATTR @23706 {TXH:51 NAME:addr VALUE:0   RADIX:UVM_HEX BITS=8}
  SET_ATTR @23706 {TXH:51 NAME:din VALUE:0   RADIX:UVM_HEX BITS=8}
  SET_ATTR @23706 {TXH:51 NAME:dout VALUE:202   RADIX:UVM_HEX BITS=8}
  SET_ATTR @23706 {TXH:51 NAME:transaction_id VALUE:1   RADIX:UVM_DEC BITS=32}
END @23706 {TXH:51 TIME=0}
FREE @23706 {TXH:51}
END @23706 {TXH:50 TIME=0}
FREE @23706 {TXH:50}
END @1000166 {TXH:48 TIME=0}
FREE @1000166 {TXH:48}
END @1000166 {TXH:4 TIME=0}
FREE @1000166 {TXH:4}
